Arguments: 
  /Users/zhangyuxuan/.nvm/versions/node/v14.15.3/bin/node /Users/zhangyuxuan/.nvm/versions/node/v14.15.3/bin/yarn add @babel/traserve

PATH: 
  /Users/zhangyuxuan/.nvm/versions/node/v14.15.3/bin:/usr/local/bin:/usr/bin:/bin:/usr/sbin:/sbin:/Library/Apple/usr/bin:/usr/local/MongoDB/bin:/usr/local/bin:/usr/local/mysql/bin:/Users/zhangyuxuan

Yarn version: 
  1.22.10

Node version: 
  14.15.3

Platform: 
  darwin x64

Trace: 
  Error: https://registry.npm.taobao.org/@babel%2ftraserve: Not found
      at Request.params.callback [as _callback] (/Users/zhangyuxuan/.nvm/versions/node/v14.15.3/lib/node_modules/yarn/lib/cli.js:66988:18)
      at Request.self.callback (/Users/zhangyuxuan/.nvm/versions/node/v14.15.3/lib/node_modules/yarn/lib/cli.js:140662:22)
      at Request.emit (events.js:315:20)
      at Request.<anonymous> (/Users/zhangyuxuan/.nvm/versions/node/v14.15.3/lib/node_modules/yarn/lib/cli.js:141634:10)
      at Request.emit (events.js:315:20)
      at IncomingMessage.<anonymous> (/Users/zhangyuxuan/.nvm/versions/node/v14.15.3/lib/node_modules/yarn/lib/cli.js:141556:12)
      at Object.onceWrapper (events.js:421:28)
      at IncomingMessage.emit (events.js:327:22)
      at endReadableNT (internal/streams/readable.js:1327:12)
      at processTicksAndRejections (internal/process/task_queues.js:80:21)

npm manifest: 
  {
    "name": "mini-webpack",
    "version": "1.0.0",
    "main": "index.js",
    "license": "MIT",
    "dependencies": {
      "@babel/parser": "^7.14.4"
    }
  }

yarn manifest: 
  No manifest

Lockfile: 
  # THIS IS AN AUTOGENERATED FILE. DO NOT EDIT THIS FILE DIRECTLY.
  # yarn lockfile v1
  
  
  "@babel/parser@^7.14.4":
    version "7.14.4"
    resolved "https://registry.nlark.com/@babel/parser/download/@babel/parser-7.14.4.tgz?cache=0&sync_timestamp=1622221509534&other_urls=https%3A%2F%2Fregistry.nlark.com%2F%40babel%2Fparser%2Fdownload%2F%40babel%2Fparser-7.14.4.tgz#a5c560d6db6cd8e6ed342368dea8039232cbab18"
    integrity sha1-pcVg1tts2ObtNCNo3qgDkjLLqxg=
